Arguments: 
  C:\Program Files\nodejs\node.exe C:\Users\Jesmina Khatun\AppData\Roaming\npm\node_modules\yarn\bin\yarn.js add express bcrypt body-parser cookie-parser cloudinary cors dotenc formidable jsonwebtoken moment socket.io mongoose stripe uuid

PATH: 
  C:\WINDOWS\system32;C:\WINDOWS;C:\WINDOWS\System32\Wbem;C:\WINDOWS\System32\WindowsPowerShell\v1.0\;C:\WINDOWS\System32\OpenSSH\;C:\TDM-GCC-64\bin;C:\Program Files\Git\cmd;C:\Program Files\nodejs\;C:\Users\Jesmina Khatun\AppData\Local\Programs\Python\Python310\Scripts\;C:\Users\Jesmina Khatun\AppData\Local\Programs\Python\Python310\;C:\Program Files\MySQL\MySQL Shell 8.0\bin\;C:\Users\Jesmina Khatun\AppData\Local\Programs\Eclipse Adoptium\jdk-17.0.4.101-hotspot\bin;C:\Users\Jesmina Khatun\AppData\Local\Microsoft\WindowsApps;C:\Users\Jesmina Khatun\AppData\Local\Programs\Microsoft VS Code\bin;C:\TDM-GCC-64\bin;C:\TDM-GCC-64\gdb64\bin;C:\Users\Jesmina Khatun\AppData\Roaming\npm

Yarn version: 
  1.22.19

Node version: 
  18.16.0

Platform: 
  win32 x64

Trace: 
  Error: https://registry.yarnpkg.com/dotenc: Not found
      at params.callback [as _callback] (C:\Users\Jesmina Khatun\AppData\Roaming\npm\node_modules\yarn\lib\cli.js:66145:18)
      at self.callback (C:\Users\Jesmina Khatun\AppData\Roaming\npm\node_modules\yarn\lib\cli.js:140890:22)
      at Request.emit (node:events:513:28)
      at Request.<anonymous> (C:\Users\Jesmina Khatun\AppData\Roaming\npm\node_modules\yarn\lib\cli.js:141862:10)
      at Request.emit (node:events:513:28)
      at IncomingMessage.<anonymous> (C:\Users\Jesmina Khatun\AppData\Roaming\npm\node_modules\yarn\lib\cli.js:141784:12)
      at Object.onceWrapper (node:events:627:28)
      at IncomingMessage.emit (node:events:525:35)
      at endReadableNT (node:internal/streams/readable:1359:12)
      at process.processTicksAndRejections (node:internal/process/task_queues:82:21)

npm manifest: 
  {
    "name": "server",
    "version": "1.0.0",
    "description": "",
    "main": "index.js",
    "scripts": {
      "test": "echo \"Error: no test specified\" && exit 1"
    },
    "keywords": [],
    "author": "",
    "license": "ISC"
  }

yarn manifest: 
  No manifest

Lockfile: 
  No lockfile
